[     107ms] [DEBUG] [vite] connecting... @ http://localhost:5174/@vite/client:788
[     121ms] [DEBUG] [vite] connected. @ http://localhost:5174/@vite/client:911
[     135ms] [INFO] %cDownload the React DevTools for a better development experience: https://react.dev/link/react-devtools font-weight:bold @ http://localhost:5174/node_modules/.vite/deps/react-dom_client.js?v=dd3f4461:20102
[     201ms] [WARNING] ⚠️ React Router Future Flag Warning: React Router will begin wrapping state updates in `React.startTransition` in v7. You can use the `v7_startTransition` future flag to opt-in early. For more information, see https://reactrouter.com/v6/upgrading/future#v7_starttransition. @ http://localhost:5174/node_modules/.vite/deps/react-router-dom.js?v=dd3f4461:4435
[     201ms] [WARNING] ⚠️ React Router Future Flag Warning: Relative route resolution within Splat routes is changing in v7. You can use the `v7_relativeSplatPath` future flag to opt-in early. For more information, see https://reactrouter.com/v6/upgrading/future#v7_relativesplatpath. @ http://localhost:5174/node_modules/.vite/deps/react-router-dom.js?v=dd3f4461:4435
[     218ms] [ERROR] Failed to load resource: the server responded with a status of 404 (Not Found) @ http://localhost:5174/favicon.ico:0
[  178046ms] [DEBUG] [vite] connecting... @ http://localhost:5174/@vite/client:788
[  178050ms] [DEBUG] [vite] connected. @ http://localhost:5174/@vite/client:911
[  178058ms] [INFO] %cDownload the React DevTools for a better development experience: https://react.dev/link/react-devtools font-weight:bold @ http://localhost:5174/node_modules/.vite/deps/react-dom_client.js?v=dd3f4461:20102
[  178073ms] [WARNING] ⚠️ React Router Future Flag Warning: React Router will begin wrapping state updates in `React.startTransition` in v7. You can use the `v7_startTransition` future flag to opt-in early. For more information, see https://reactrouter.com/v6/upgrading/future#v7_starttransition. @ http://localhost:5174/node_modules/.vite/deps/react-router-dom.js?v=dd3f4461:4435
[  178073ms] [WARNING] ⚠️ React Router Future Flag Warning: Relative route resolution within Splat routes is changing in v7. You can use the `v7_relativeSplatPath` future flag to opt-in early. For more information, see https://reactrouter.com/v6/upgrading/future#v7_relativesplatpath. @ http://localhost:5174/node_modules/.vite/deps/react-router-dom.js?v=dd3f4461:4435
[  196178ms] [DEBUG] [vite] hot updated: /src/components/RunPanels.tsx @ http://localhost:5174/@vite/client:882
[  196178ms] [DEBUG] [vite] hot updated: /src/styles.css @ http://localhost:5174/@vite/client:882
[  207693ms] [DEBUG] [vite] hot updated: /src/App.tsx @ http://localhost:5174/@vite/client:882
[  207693ms] [DEBUG] [vite] hot updated: /src/styles.css @ http://localhost:5174/@vite/client:882
[  207725ms] ReferenceError: setRunActionsMenuOpen is not defined
    at DeploymentsPage (http://localhost:5174/src/App.tsx?t=1772381924431:1045:34)
    at Object.react_stack_bottom_frame (http://localhost:5174/node_modules/.vite/deps/react-dom_client.js?v=dd3f4461:18509:20)
    at renderWithHooks (http://localhost:5174/node_modules/.vite/deps/react-dom_client.js?v=dd3f4461:5654:24)
    at updateFunctionComponent (http://localhost:5174/node_modules/.vite/deps/react-dom_client.js?v=dd3f4461:7475:21)
    at beginWork (http://localhost:5174/node_modules/.vite/deps/react-dom_client.js?v=dd3f4461:8525:20)
    at runWithFiberInDEV (http://localhost:5174/node_modules/.vite/deps/react-dom_client.js?v=dd3f4461:997:72)
    at performUnitOfWork (http://localhost:5174/node_modules/.vite/deps/react-dom_client.js?v=dd3f4461:12561:98)
    at workLoopSync (http://localhost:5174/node_modules/.vite/deps/react-dom_client.js?v=dd3f4461:12424:43)
    at renderRootSync (http://localhost:5174/node_modules/.vite/deps/react-dom_client.js?v=dd3f4461:12408:13)
    at performWorkOnRoot (http://localhost:5174/node_modules/.vite/deps/react-dom_client.js?v=dd3f4461:11827:37)
[  207726ms] [WARNING] %s

%s
 An error occurred in the <DeploymentsPage> component. Consider adding an error boundary to your tree to customize error handling behavior.
Visit https://react.dev/link/error-boundaries to learn more about error boundaries. @ http://localhost:5174/node_modules/.vite/deps/react-dom_client.js?v=dd3f4461:6965
[  212596ms] [DEBUG] [vite] hot updated: /src/components/RunPanels.tsx @ http://localhost:5174/@vite/client:882
[  212596ms] [DEBUG] [vite] hot updated: /src/styles.css @ http://localhost:5174/@vite/client:882
[  212621ms] ReferenceError: setRunActionsMenuOpen is not defined
    at DeploymentsPage (http://localhost:5174/src/App.tsx?t=1772381924431:1045:34)
    at Object.react_stack_bottom_frame (http://localhost:5174/node_modules/.vite/deps/react-dom_client.js?v=dd3f4461:18509:20)
    at renderWithHooks (http://localhost:5174/node_modules/.vite/deps/react-dom_client.js?v=dd3f4461:5654:24)
    at updateFunctionComponent (http://localhost:5174/node_modules/.vite/deps/react-dom_client.js?v=dd3f4461:7475:21)
    at beginWork (http://localhost:5174/node_modules/.vite/deps/react-dom_client.js?v=dd3f4461:8525:20)
    at runWithFiberInDEV (http://localhost:5174/node_modules/.vite/deps/react-dom_client.js?v=dd3f4461:997:72)
    at performUnitOfWork (http://localhost:5174/node_modules/.vite/deps/react-dom_client.js?v=dd3f4461:12561:98)
    at workLoopSync (http://localhost:5174/node_modules/.vite/deps/react-dom_client.js?v=dd3f4461:12424:43)
    at renderRootSync (http://localhost:5174/node_modules/.vite/deps/react-dom_client.js?v=dd3f4461:12408:13)
    at performWorkOnRoot (http://localhost:5174/node_modules/.vite/deps/react-dom_client.js?v=dd3f4461:11827:37)
[  212621ms] [WARNING] %s

%s
 An error occurred in the <DeploymentsPage> component. Consider adding an error boundary to your tree to customize error handling behavior.
Visit https://react.dev/link/error-boundaries to learn more about error boundaries. @ http://localhost:5174/node_modules/.vite/deps/react-dom_client.js?v=dd3f4461:6965
[  241908ms] [DEBUG] [vite] hot updated: /src/App.tsx @ http://localhost:5174/@vite/client:882
[  241908ms] [DEBUG] [vite] hot updated: /src/styles.css @ http://localhost:5174/@vite/client:882
[  273088ms] [DEBUG] [vite] connecting... @ http://localhost:5174/@vite/client:788
[  273091ms] [DEBUG] [vite] connected. @ http://localhost:5174/@vite/client:911
[  273109ms] [INFO] %cDownload the React DevTools for a better development experience: https://react.dev/link/react-devtools font-weight:bold @ http://localhost:5174/node_modules/.vite/deps/react-dom_client.js?v=dd3f4461:20102
[  273114ms] [WARNING] ⚠️ React Router Future Flag Warning: React Router will begin wrapping state updates in `React.startTransition` in v7. You can use the `v7_startTransition` future flag to opt-in early. For more information, see https://reactrouter.com/v6/upgrading/future#v7_starttransition. @ http://localhost:5174/node_modules/.vite/deps/react-router-dom.js?v=dd3f4461:4435
[  273114ms] [WARNING] ⚠️ React Router Future Flag Warning: Relative route resolution within Splat routes is changing in v7. You can use the `v7_relativeSplatPath` future flag to opt-in early. For more information, see https://reactrouter.com/v6/upgrading/future#v7_relativesplatpath. @ http://localhost:5174/node_modules/.vite/deps/react-router-dom.js?v=dd3f4461:4435
[  374373ms] [DEBUG] [vite] connecting... @ http://localhost:5174/@vite/client:788
[  374375ms] [DEBUG] [vite] connected. @ http://localhost:5174/@vite/client:911
[  374402ms] [INFO] %cDownload the React DevTools for a better development experience: https://react.dev/link/react-devtools font-weight:bold @ http://localhost:5174/node_modules/.vite/deps/react-dom_client.js?v=dd3f4461:20102
[  374404ms] [WARNING] ⚠️ React Router Future Flag Warning: React Router will begin wrapping state updates in `React.startTransition` in v7. You can use the `v7_startTransition` future flag to opt-in early. For more information, see https://reactrouter.com/v6/upgrading/future#v7_starttransition. @ http://localhost:5174/node_modules/.vite/deps/react-router-dom.js?v=dd3f4461:4435
[  374404ms] [WARNING] ⚠️ React Router Future Flag Warning: Relative route resolution within Splat routes is changing in v7. You can use the `v7_relativeSplatPath` future flag to opt-in early. For more information, see https://reactrouter.com/v6/upgrading/future#v7_relativesplatpath. @ http://localhost:5174/node_modules/.vite/deps/react-router-dom.js?v=dd3f4461:4435
[  382078ms] [DEBUG] [vite] hot updated: /src/styles.css @ http://localhost:5174/@vite/client:882
[  398898ms] [DEBUG] [vite] hot updated: /src/components/ui/dropdown-menu.tsx @ http://localhost:5174/@vite/client:882
[  398898ms] [DEBUG] [vite] hot updated: /src/styles.css @ http://localhost:5174/@vite/client:882
[  432905ms] [DEBUG] [vite] connecting... @ http://localhost:5174/@vite/client:788
[  432907ms] [DEBUG] [vite] connected. @ http://localhost:5174/@vite/client:911
[  432935ms] [INFO] %cDownload the React DevTools for a better development experience: https://react.dev/link/react-devtools font-weight:bold @ http://localhost:5174/node_modules/.vite/deps/react-dom_client.js?v=dd3f4461:20102
[  432939ms] [WARNING] ⚠️ React Router Future Flag Warning: React Router will begin wrapping state updates in `React.startTransition` in v7. You can use the `v7_startTransition` future flag to opt-in early. For more information, see https://reactrouter.com/v6/upgrading/future#v7_starttransition. @ http://localhost:5174/node_modules/.vite/deps/react-router-dom.js?v=dd3f4461:4435
[  432939ms] [WARNING] ⚠️ React Router Future Flag Warning: Relative route resolution within Splat routes is changing in v7. You can use the `v7_relativeSplatPath` future flag to opt-in early. For more information, see https://reactrouter.com/v6/upgrading/future#v7_relativesplatpath. @ http://localhost:5174/node_modules/.vite/deps/react-router-dom.js?v=dd3f4461:4435
[  545203ms] [DEBUG] [vite] hot updated: /src/App.tsx @ http://localhost:5174/@vite/client:882
[  545203ms] [DEBUG] [vite] hot updated: /src/styles.css @ http://localhost:5174/@vite/client:882
[  560115ms] [ERROR] Failed to load resource: the server responded with a status of 404 (Not Found) @ http://localhost:5174/src/components/AdminPanel.tsx?t=1772382276911:0
[  560115ms] [ERROR] [vite] Failed to reload /src/components/AdminPanel.tsx. This could be due to syntax errors or importing non-existent modules. (see errors above) @ http://localhost:5174/@vite/client:881
[  560145ms] [DEBUG] [vite] hot updated: /src/components/AdminPanel.tsx @ http://localhost:5174/@vite/client:882
[  560145ms] [DEBUG] [vite] hot updated: /src/styles.css @ http://localhost:5174/@vite/client:882
[  663136ms] [DEBUG] [vite] hot updated: /src/components/AdminPanel.tsx @ http://localhost:5174/@vite/client:882
[  663351ms] [DEBUG] [vite] connecting... @ http://localhost:5174/@vite/client:788
[  663394ms] [DEBUG] [vite] connected. @ http://localhost:5174/@vite/client:911
[  663458ms] [INFO] %cDownload the React DevTools for a better development experience: https://react.dev/link/react-devtools font-weight:bold @ http://localhost:5174/node_modules/.vite/deps/react-dom_client.js?v=7cbe9cbb:20102
[  663493ms] [WARNING] ⚠️ React Router Future Flag Warning: React Router will begin wrapping state updates in `React.startTransition` in v7. You can use the `v7_startTransition` future flag to opt-in early. For more information, see https://reactrouter.com/v6/upgrading/future#v7_starttransition. @ http://localhost:5174/node_modules/.vite/deps/react-router-dom.js?v=7cbe9cbb:4435
[  663493ms] [WARNING] ⚠️ React Router Future Flag Warning: Relative route resolution within Splat routes is changing in v7. You can use the `v7_relativeSplatPath` future flag to opt-in early. For more information, see https://reactrouter.com/v6/upgrading/future#v7_relativesplatpath. @ http://localhost:5174/node_modules/.vite/deps/react-router-dom.js?v=7cbe9cbb:4435
[  676937ms] [DEBUG] [vite] connecting... @ http://localhost:5174/@vite/client:788
[  676941ms] [DEBUG] [vite] connected. @ http://localhost:5174/@vite/client:911
[  676969ms] [INFO] %cDownload the React DevTools for a better development experience: https://react.dev/link/react-devtools font-weight:bold @ http://localhost:5174/node_modules/.vite/deps/react-dom_client.js?v=7cbe9cbb:20102
[  676971ms] [WARNING] ⚠️ React Router Future Flag Warning: React Router will begin wrapping state updates in `React.startTransition` in v7. You can use the `v7_startTransition` future flag to opt-in early. For more information, see https://reactrouter.com/v6/upgrading/future#v7_starttransition. @ http://localhost:5174/node_modules/.vite/deps/react-router-dom.js?v=7cbe9cbb:4435
[  676971ms] [WARNING] ⚠️ React Router Future Flag Warning: Relative route resolution within Splat routes is changing in v7. You can use the `v7_relativeSplatPath` future flag to opt-in early. For more information, see https://reactrouter.com/v6/upgrading/future#v7_relativesplatpath. @ http://localhost:5174/node_modules/.vite/deps/react-router-dom.js?v=7cbe9cbb:4435
[  700898ms] [DEBUG] [vite] connecting... @ http://localhost:5174/@vite/client:788
[  700910ms] [DEBUG] [vite] connected. @ http://localhost:5174/@vite/client:911
[  700959ms] [INFO] %cDownload the React DevTools for a better development experience: https://react.dev/link/react-devtools font-weight:bold @ http://localhost:5174/node_modules/.vite/deps/react-dom_client.js?v=7cbe9cbb:20102
[  700966ms] [WARNING] ⚠️ React Router Future Flag Warning: React Router will begin wrapping state updates in `React.startTransition` in v7. You can use the `v7_startTransition` future flag to opt-in early. For more information, see https://reactrouter.com/v6/upgrading/future#v7_starttransition. @ http://localhost:5174/node_modules/.vite/deps/react-router-dom.js?v=7cbe9cbb:4435
[  700966ms] [WARNING] ⚠️ React Router Future Flag Warning: Relative route resolution within Splat routes is changing in v7. You can use the `v7_relativeSplatPath` future flag to opt-in early. For more information, see https://reactrouter.com/v6/upgrading/future#v7_relativesplatpath. @ http://localhost:5174/node_modules/.vite/deps/react-router-dom.js?v=7cbe9cbb:4435
